<?xml version="1.0" encoding="UTF-8"?>
<!-- Generated by org.testng.reporters.JUnitReportReporter -->
<testsuite skipped="0" hostname="Girishs-MacBook-Pro.local" name="Test_Runner.KB_Login_Test" tests="1" failures="0" timestamp="2021-09-28T10:51:00 IST" time="5.326" errors="0">
  <testcase name="Login_Test_Runner" time="5.326" classname="Test_Runner.KB_Login_Test"/>
  <system-out/>
</testsuite> <!-- Test_Runner.KB_Login_Test -->
