<?xml version="1.0" encoding="UTF-8"?>
<!-- Generated by org.testng.reporters.JUnitReportReporter -->
<testsuite skipped="1" hostname="Girishs-MacBook-Pro.local" name="Group_Test_Case.Group_Test_Runner" tests="3" failures="0" timestamp="2021-10-01T10:48:30 IST" time="11.825" errors="0">
  <testcase name="Test3" time="5.472" classname="Group_Test_Case.Group_Test_Runner"/>
  <system-out/>
  <testcase name="Test2" time="6.353" classname="Group_Test_Case.Group_Test_Runner"/>
  <system-out/>
  <testcase name="Test1" classname="Group_Test_Case.Group_Test_Runner">
    <skipped/>
  </testcase> <!-- Test1 -->
  <system-out/>
</testsuite> <!-- Group_Test_Case.Group_Test_Runner -->
