<?xml version="1.0" encoding="UTF-8"?>
<!-- Generated by org.testng.reporters.JUnitReportReporter -->
<testsuite skipped="0" hostname="Girishs-MacBook-Pro.local" name="Group_Test_Case.MultiBrowser_Test_Runner" tests="2" failures="0" timestamp="2021-10-01T10:59:01 IST" time="15.235" errors="0">
  <testcase name="Login_Page_Tests" time="8.970" classname="Group_Test_Case.MultiBrowser_Test_Runner"/>
  <system-out/>
  <testcase name="Login_Page_Tests" time="6.265" classname="Group_Test_Case.MultiBrowser_Test_Runner"/>
  <system-out/>
</testsuite> <!-- Group_Test_Case.MultiBrowser_Test_Runner -->
