<?xml version="1.0" encoding="UTF-8"?>
<!-- Generated by org.testng.reporters.JUnitReportReporter -->
<testsuite skipped="0" hostname="Girishs-MacBook-Pro.local" name="Data_Server.DDT_Login_Test_runner" tests="1" failures="0" timestamp="2021-10-01T11:18:41 IST" time="5.748" errors="0">
  <testcase name="Login_Test_Runner" time="5.748" classname="Data_Server.DDT_Login_Test_runner"/>
  <system-out/>
</testsuite> <!-- Data_Server.DDT_Login_Test_runner -->
